<?xml version="1.0" encoding="UTF-8"?>
<!-- Generated by org.testng.reporters.JUnitXMLReporter -->
<testsuite ignored="0" hostname="PHLT240-0222" failures="0" tests="3" name="Surefire test" time="30.625" errors="0" timestamp="2024-01-22T11:22:20 PST">
  <testcase classname="com.example.AppTest" name="invalidLoginTest" time="24.994"/>
  <testcase classname="com.example.AppTest" name="loginAndLogoutTest" time="3.087"/>
  <testcase classname="com.example.AppTest" name="usernameAndPasswordRequired" time="0.83"/>
</testsuite> <!-- Surefire test -->
