<?xml version="1.0" encoding="UTF-8"?>
<testng-results ignored="0" total="3" passed="3" failed="0" skipped="0">
  <reporter-output>
  </reporter-output>
  <suite started-at="2024-01-22T11:21:49 PST" name="Surefire suite" finished-at="2024-01-22T11:22:20 PST" duration-ms="30625">
    <groups>
    </groups>
    <test started-at="2024-01-22T11:21:49 PST" name="Surefire test" finished-at="2024-01-22T11:22:20 PST" duration-ms="30625">
      <class name="com.example.AppTest">
        <test-method is-config="true" signature="setUpClass()[pri:0, instance:com.example.AppTest@3bbc39f8]" started-at="2024-01-22T11:21:49 PST" name="setUpClass" finished-at="2024-01-22T11:21:51 PST" duration-ms="1496" status="PASS">
          <reporter-output>
          </reporter-output>
        </test-method> <!-- setUpClass -->
        <test-method signature="invalidLoginTest()[pri:0, instance:com.example.AppTest@3bbc39f8]" started-at="2024-01-22T11:21:51 PST" name="invalidLoginTest" finished-at="2024-01-22T11:22:16 PST" duration-ms="24994" status="PASS">
          <reporter-output>
          </reporter-output>
        </test-method> <!-- invalidLoginTest -->
        <test-method signature="loginAndLogoutTest()[pri:0, instance:com.example.AppTest@3bbc39f8]" started-at="2024-01-22T11:22:16 PST" name="loginAndLogoutTest" finished-at="2024-01-22T11:22:19 PST" duration-ms="3087" status="PASS">
          <reporter-output>
          </reporter-output>
        </test-method> <!-- loginAndLogoutTest -->
        <test-method signature="usernameAndPasswordRequired()[pri:0, instance:com.example.AppTest@3bbc39f8]" started-at="2024-01-22T11:22:19 PST" name="usernameAndPasswordRequired" finished-at="2024-01-22T11:22:20 PST" duration-ms="830" status="PASS">
          <reporter-output>
          </reporter-output>
        </test-method> <!-- usernameAndPasswordRequired -->
        <test-method is-config="true" signature="tearDown()[pri:0, instance:com.example.AppTest@3bbc39f8]" started-at="2024-01-22T11:22:20 PST" name="tearDown" finished-at="2024-01-22T11:22:20 PST" duration-ms="192" status="PASS">
          <reporter-output>
          </reporter-output>
        </test-method> <!-- tearDown -->
        <test-method is-config="true" signature="tearDownClass()[pri:0, instance:com.example.AppTest@3bbc39f8]" started-at="2024-01-22T11:22:20 PST" name="tearDownClass" finished-at="2024-01-22T11:22:20 PST" duration-ms="0" status="PASS">
          <reporter-output>
          </reporter-output>
        </test-method> <!-- tearDownClass -->
      </class> <!-- com.example.AppTest -->
    </test> <!-- Surefire test -->
  </suite> <!-- Surefire suite -->
</testng-results>
